20240226	11:38:26	b267fe31-2630-49c0-917c-f43d7f950332	GET	/	undefined
20240226	16:07:06	488fdbb1-0713-4629-9135-b777417db9ac	GET	/	undefined
20240226	16:07:06	7f1369a9-7195-42f3-a87f-c2d86ad05b5b	GET	/css/style.css	undefined
20240226	16:07:07	e9840c15-c59d-44eb-98c2-7001f27c2c5d	GET	/favicon.ico	undefined
20240226	16:09:37	dcb22954-618b-4df8-a0e4-d714de73250e	POST	/auth	undefined
20240226	16:14:00	afac34f3-6e33-461c-ac99-c89cf17dfd52	POST	/auth	undefined
20240226	16:14:58	1e279aa4-9c6a-4d07-a1f4-c7c377324833	POST	/auth	undefined
20240226	16:15:08	fd641092-f483-41f0-af34-ddcf8a89f3fa	POST	/auth	undefined
20240226	16:16:18	06f90945-aa05-4182-a11e-5d9e404f7111	POST	/auth	undefined
20240226	16:18:40	aee66b47-ff4d-4379-93ed-6483dfa21dea	POST	/auth	undefined
20240226	16:22:27	49131758-90b3-4a97-ad7d-10a46f32be54	POST	/auth/refresh	undefined
20240226	16:26:12	b04514b0-1f44-4940-a940-b6786443b577	POST	/refresh	undefined
20240226	16:27:22	dda46f16-f23a-4d5e-ab19-1718e0b3fb87	POST	/auth/login	undefined
20240226	16:33:02	0c47576d-9c8b-48a8-b21e-016dcc3367ab	POST	/auth/login	undefined
20240226	16:33:26	61af0c0d-d71d-435e-bce0-f0848efbdfe1	POST	/auth/login	undefined
20240226	16:33:36	b575b90f-2cfc-4408-81e0-36b88db20ecd	POST	/auth	undefined
20240226	16:33:52	2f32deac-ef02-4e31-aa88-2f42a69a74de	POST	/auth/refresh	undefined
20240226	16:36:37	fef64d24-45a6-4dfb-9e53-077aba4bfe01	POST	/auth/refresh	undefined
20240226	16:40:37	444fd842-ef67-4d78-b4d5-726bdc468572	POST	/auth/signup	undefined
20240226	16:42:51	238b1de6-f635-4a1c-b175-73f290909e4d	POST	/users	undefined
20240226	16:47:57	1358c7ec-5203-4ec4-bff1-ccc5d9419ddc	POST	/users	undefined
20240226	16:49:06	db2cff19-94a2-4218-a65d-6a5349b876b7	POST	/users	undefined
20240226	16:50:03	bd212904-ad3d-4195-aa29-9ca6f226d054	POST	/users	undefined
20240226	16:51:06	177ebc20-b715-44be-9e6c-cf0534c837e4	GET	/users	undefined
20240226	16:51:13	e00a02ef-2fb3-4c3f-bfc8-d0c229f079b9	POST	/users	undefined
20240226	16:51:48	6f855216-12ff-424a-8b30-64293984f2ca	POST	/notes	undefined
20240226	16:52:00	4c19250e-3645-4820-ad61-ee68642f6ef7	POST	/hj	undefined
20240226	16:54:01	af3d09af-4429-416e-b05b-b0742834e685	POST	/users	undefined
20240226	16:54:03	57477356-9440-4924-91fe-513c28c0a299	POST	/users	undefined
20240226	16:54:09	6d602de2-433b-41c5-be9f-1021f465fd0c	POST	/	undefined
20240226	16:54:16	5b6a2f09-3cc3-4ac6-9831-14eb6f0b8e3f	POST	/	undefined
20240226	16:54:23	e789aadc-7a4c-4a27-a3e0-8bdd9ba68e1b	GET	/	undefined
20240226	16:54:36	2d3151d0-feea-4a27-a5a1-45f685842f38	POST	/users	undefined
20240226	17:08:52	0e7c0be1-6c25-4030-8e28-9d0dad506be9	POST	/users	undefined
20240226	17:09:03	b8c97cc2-4bee-409f-9a98-a8fc874117a9	POST	/users	undefined
20240226	17:09:31	c24eff13-f8f1-4ff0-946f-cf665a41044a	POST	/users	undefined
20240226	17:09:39	68115bbf-84bc-43c7-acbd-2c1d925884e9	GET	/users	undefined
20240226	17:10:59	c1055236-6e30-4a50-bd88-31552dd72516	GET	/users	undefined
20240226	17:12:25	b48fab8d-f06f-4b04-ad2a-36f192ce7dee	GET	/users	undefined
20240226	17:13:43	2db2b8b3-1c38-4569-a0b8-25600f6ec05a	GET	/users	undefined
20240226	17:15:16	07b8c993-437f-41b3-b279-e44bf7f22273	GET	/users	undefined
20240226	17:17:33	5a16303e-511d-4144-a890-d70cb3916e03	GET	/css/style.css	undefined
20240226	17:23:59	ea846c28-ad77-40c1-afd0-ee09c32fed08	GET	/users	undefined
20240226	17:24:46	b03f1156-6068-40a9-a207-116daf22fdcc	GET	/users	undefined
20240226	17:26:00	bc9aa3f5-7f40-4109-aee6-ecc323b7bebc	GET	/df	undefined
20240226	17:27:06	0173ba2d-f776-43d6-b5ec-5b3109b06985	GET	/df	undefined
20240226	17:27:13	7de84404-3044-430e-ba80-53151f392a0c	GET	/hj	undefined
20240226	17:27:22	bcce73ce-7703-493c-846d-e494a38c355f	GET	/auth	undefined
20240226	17:27:34	8c2d5f8b-7785-4a74-90e7-9b8c9b4dfdfc	POST	/auth	undefined
20240226	17:28:39	bc616c7f-06d5-4233-a50c-c3494cb3a76c	POST	/auth	undefined
20240226	17:28:47	18f19c5f-cac1-4b78-a6b2-fb2c652b4c22	POST	/user	undefined
20240226	17:28:56	5eecacc4-8bd3-4617-bef2-487c6b58adea	POST	/users	undefined
20240226	18:39:13	d8a545f5-88df-46fc-beef-757e5ed5e7ad	POST	/users	undefined
20240226	18:40:05	afbdc78f-8028-41b8-8f06-0b954f1f0c22	POST	/users	undefined
20240226	18:40:24	70541939-8249-4ead-bd6d-f1dc210169dc	POST	/users	undefined
20240226	18:41:12	1ba8d552-5e6e-4157-8e3d-2c844859fe6f	POST	/users	undefined
20240226	18:42:39	8e7842cf-c4ef-4398-997d-bbc72f45414b	POST	/users	undefined
20240226	18:45:04	e893830b-080a-44f2-8255-6a1a97641c1c	GET	/	undefined
20240226	18:45:07	06a3985f-cd9f-4280-a056-a7a48ef23f0e	GET	/css/style.css	undefined
20240226	18:45:08	eaad4e84-e32c-44d3-893a-29723511f88d	GET	/favicon.ico	undefined
20240226	18:45:15	ef8d9b2e-f33f-42e2-b146-279910399029	GET	/user	undefined
20240226	18:45:26	db76467b-0535-4655-aa89-dc5e74b8a452	GET	/users	undefined
20240226	18:48:19	b312ccf2-a393-4978-82a4-054957dcf41c	POST	/auth	undefined
20240226	18:53:51	372310c1-e903-4c59-b3bd-13b98c10dfef	POST	/auth	undefined
20240226	18:57:07	adb2e19d-b179-4ece-a2c1-3bd0fb91d112	POST	/auth	undefined
20240226	18:59:41	6ce27f3f-c3d7-4ed7-9d4f-3857209c1bd0	POST	/auth	undefined
20240226	19:02:53	c28c3c42-629a-4058-bddd-c415eb40a5dd	POST	/auth/refresh	undefined
20240226	19:03:13	597f5879-d9a2-4697-9426-5e6e2a5dd196	POST	/auth/refresh	undefined
20240226	19:04:47	2ff200f9-3b73-4a1b-acf9-6226f397c4d0	POST	/auth/refresh	undefined
20240226	19:05:59	b19e857b-7d5b-4fcb-b02b-3ce99c6bde2f	GET	/auth/refresh	undefined
20240226	21:46:20	ca355817-66ef-4bfe-827f-fd34e0e628f9	POST	/user	undefined
20240226	21:47:34	26e87008-0c64-4f81-8718-3afac15accae	POST	/users	undefined
20240226	21:48:06	631f463b-fbb4-4f55-9075-da35389e751a	POST	/users	undefined
20240226	21:48:30	ba324890-b394-4450-a6ac-4f116c76cd66	POST	/users	undefined
20240226	22:08:21	2e89571b-82bc-4f95-9785-85c4834554f5	POST	/auth	undefined
20240226	22:10:11	19c8957b-fd65-45f0-8993-8ae432d6f1fb	GET	/users	undefined
20240226	22:26:16	317b6baa-31de-4067-9471-e01c98dbf7db	GET	/notes	undefined
20240226	22:27:30	08383d33-5673-42e0-9e68-688f5af7a366	GET	/notes	undefined
20240226	22:29:31	c6596b60-8c7d-4d4f-864e-b24dcaf45f05	GET	/notes	undefined
20240226	22:30:01	cba1e81e-360e-4fea-868f-88879f49c389	GET	/notes	undefined
20240226	22:31:51	627d6149-6004-4aa6-9944-a989efebd9a0	GET	/notes	undefined
20240227	09:41:35	b0c2129c-5ea5-4847-a593-620e6d3f5fd7	POST	/notes	undefined
20240227	09:44:06	7331e515-06d4-4bf6-9cdc-bee7c96dc238	POST	/notes	undefined
20240227	09:49:41	3b098aa6-a7aa-43db-acb2-ab553592ee64	POST	/users	undefined
20240227	09:49:56	641c70c2-83a0-4654-bb8a-389fe92c8637	POST	/auth	undefined
20240227	18:19:10	5d91e2f7-0936-4040-9d27-ece3bf9bdf9c	OPTIONS	/auth	http://localhost:3000
20240227	18:22:21	c38315d0-4f14-4dc5-a080-c09544117a49	OPTIONS	/auth	http://localhost:3000
20240227	18:22:23	07f22093-9c8b-4bd4-aee1-094b9e4aecdc	OPTIONS	/auth	http://localhost:3000
20240227	18:22:27	aa4cc4b5-0b6d-4dbf-88fd-9a5aa4b367e1	OPTIONS	/auth	http://localhost:3000
20240227	18:22:28	8660dc5a-d63c-4828-ad24-cbc8cc8ca692	OPTIONS	/auth	http://localhost:3000
20240227	18:22:32	34a228ae-6601-46d9-bf09-f55ae9fb1a67	OPTIONS	/auth	http://localhost:3000
20240227	18:22:33	95fd28eb-f09a-4c2c-9ceb-9f5560d1c8fa	OPTIONS	/auth	http://localhost:3000
20240227	18:22:33	1bfa2d1f-58c7-4c8c-be7d-20ed39f9a7b0	OPTIONS	/auth	http://localhost:3000
20240227	18:22:40	4c947b4a-7886-4f4e-8dab-a89eab31cb1f	OPTIONS	/auth	http://localhost:3000
20240227	18:23:41	3fdc3654-b571-4d2f-a04d-117a7ad14683	OPTIONS	/auth	http://localhost:3000
